<?xml version="1.0" encoding="UTF-8"?>
<!-- Generated by org.testng.reporters.JUnitReportReporter -->
<testsuite skipped="0" hostname="Navpreets-MacBook-Pro.local" name="Scenarios.CrossCityTrip" tests="1" failures="0" timestamp="14 Aug 2017 12:30:37 GMT" time="68.585" errors="0">
  <testcase name="makeLocalTrip" time="68.585" classname="Scenarios.CrossCityTrip"/>
</testsuite> <!-- Scenarios.CrossCityTrip -->
