<?xml version="1.0" encoding="UTF-8"?>
<!-- Generated by org.testng.reporters.JUnitReportReporter -->
<testsuite skipped="0" hostname="Navpreets-MacBook-Pro.local" name="Scenarios.LocalTrip" tests="1" failures="0" timestamp="17 Aug 2017 14:00:50 GMT" time="62.501" errors="0">
  <testcase name="makeLocalTrip" time="62.501" classname="Scenarios.LocalTrip"/>
</testsuite> <!-- Scenarios.LocalTrip -->
