<?xml version="1.0" encoding="UTF-8"?>
<!-- Generated by org.testng.reporters.JUnitReportReporter -->
<testsuite skipped="0" hostname="Navpreets-MacBook-Pro.local" name="Scenarios.LocalTrip" tests="1" failures="0" timestamp="14 Aug 2017 14:36:00 GMT" time="59.479" errors="0">
  <testcase name="makeLocalTrip" time="59.479" classname="Scenarios.LocalTrip"/>
</testsuite> <!-- Scenarios.LocalTrip -->
