<?xml version="1.0" encoding="UTF-8"?>
<!-- Generated by org.testng.reporters.JUnitReportReporter -->
<testsuite skipped="0" hostname="Navpreets-MacBook-Pro.local" name="Scenarios.CrossCityTrip" tests="1" failures="0" timestamp="01 Aug 2017 13:21:30 GMT" time="56.798" errors="0">
  <testcase name="makeLocalTrip" time="56.798" classname="Scenarios.CrossCityTrip"/>
</testsuite> <!-- Scenarios.CrossCityTrip -->
